2020-08-19T01:16:01.795Z - info: START > =======================================
2020-08-19T01:16:01.797Z - info: Authentication Type : http_signature
2020-08-19T01:16:01.796Z - warn: Entered log directory does not exists. Taking default log directory ./log
2020-08-19T01:16:01.797Z - info: Request Type : POST
2020-08-19T01:16:01.798Z - info: signatureHeader : keyid="08c94330-f618-42a3-b09d-e1e43be5efda", algorithm="HmacSHA256", headers="host date (request-target) digest v-c-merchant-id", signature="QWmcMO6z48leTwNY/VQyFbvIm9jA7oMYE4XEo3XTrlQ="
2020-08-19T01:16:01.799Z - info: digest : SHA-256=ZlypeCetsRJKHGG22yo8kHQij/bEV24YWC8Bv1bUnuA=
2020-08-19T01:16:01.799Z - info: v-c-merchant-id : testrest
2020-08-19T01:16:01.799Z - info: date : Wed, 19 Aug 2020 01:16:01 GMT
2020-08-19T01:16:01.799Z - info: host : apitest.cybersource.com
2020-08-19T01:16:01.799Z - info: signature : keyid="08c94330-f618-42a3-b09d-e1e43be5efda", algorithm="HmacSHA256", headers="host date (request-target) digest v-c-merchant-id", signature="QWmcMO6z48leTwNY/VQyFbvIm9jA7oMYE4XEo3XTrlQ="
2020-08-19T01:16:01.799Z - info: User-Agent : Mozilla/5.0
2020-08-19T01:16:01.799Z - info: END > =========================================
2020-08-19T01:18:12.876Z - info: Authentication Type : http_signature
2020-08-19T01:18:12.875Z - info: START > =======================================
2020-08-19T01:18:12.876Z - info: Request Type : POST
2020-08-19T01:18:12.876Z - info: signatureHeader : keyid="08c94330-f618-42a3-b09d-e1e43be5efda", algorithm="HmacSHA256", headers="host date (request-target) digest v-c-merchant-id", signature="sUl+6Ehf5nfh40z8AgjM+EwyUAkApKBXzZnOMhHnaP4="
2020-08-19T01:18:12.876Z - info: digest : SHA-256=f6s47BnCRuJRCHlvtYRySKrfCgG5SlKaejG9cxueFH4=
2020-08-19T01:18:12.876Z - info: v-c-merchant-id : testrest
2020-08-19T01:18:12.876Z - info: date : Wed, 19 Aug 2020 01:18:12 GMT
2020-08-19T01:18:12.876Z - info: host : apitest.cybersource.com
2020-08-19T01:18:12.876Z - info: signature : keyid="08c94330-f618-42a3-b09d-e1e43be5efda", algorithm="HmacSHA256", headers="host date (request-target) digest v-c-merchant-id", signature="sUl+6Ehf5nfh40z8AgjM+EwyUAkApKBXzZnOMhHnaP4="
2020-08-19T01:18:12.876Z - info: User-Agent : Mozilla/5.0
2020-08-19T01:18:12.876Z - info: END > =========================================
2020-08-19T01:18:12.875Z - warn: Entered log directory does not exists. Taking default log directory ./log
2020-08-19T01:22:38.868Z - info: START > =======================================
2020-08-19T01:22:38.869Z - info: Authentication Type : http_signature
2020-08-19T01:22:38.868Z - warn: Entered log directory does not exists. Taking default log directory ./log
2020-08-19T01:22:38.869Z - info: Request Type : POST
2020-08-19T01:22:38.869Z - info: signatureHeader : keyid="08c94330-f618-42a3-b09d-e1e43be5efda", algorithm="HmacSHA256", headers="host date (request-target) digest v-c-merchant-id", signature="6FAlVtI0yTwm+p44S+S6mkZYLnVrUFnIED/6Zv7FDA8="
2020-08-19T01:22:38.869Z - info: digest : SHA-256=Ul/PjfStaTKauwUqYkxbacmRXtVDSTxM0q5LjU8SdtI=
2020-08-19T01:22:38.869Z - info: v-c-merchant-id : testrest
2020-08-19T01:22:38.869Z - info: date : Wed, 19 Aug 2020 01:22:38 GMT
2020-08-19T01:22:38.869Z - info: host : apitest.cybersource.com
2020-08-19T01:22:38.869Z - info: signature : keyid="08c94330-f618-42a3-b09d-e1e43be5efda", algorithm="HmacSHA256", headers="host date (request-target) digest v-c-merchant-id", signature="6FAlVtI0yTwm+p44S+S6mkZYLnVrUFnIED/6Zv7FDA8="
2020-08-19T01:22:38.869Z - info: User-Agent : Mozilla/5.0
2020-08-19T01:22:38.869Z - info: END > =========================================
2020-08-19T01:29:39.069Z - info: START > =======================================
2020-08-19T01:29:39.071Z - info: Authentication Type : http_signature
2020-08-19T01:29:39.069Z - warn: Entered log directory does not exists. Taking default log directory ./log
2020-08-19T01:29:39.071Z - info: Request Type : POST
2020-08-19T01:29:39.072Z - info: signatureHeader : keyid="08c94330-f618-42a3-b09d-e1e43be5efda", algorithm="HmacSHA256", headers="host date (request-target) digest v-c-merchant-id", signature="MhsxVl0Kkkrsj5XMK4o4NaE2PfmdcIrriYhm0Zt+2JM="
2020-08-19T01:29:39.072Z - info: digest : SHA-256=Aqe5gm+eQz7Sl+xmXVQYj2HpnPZ98U+nLzvdX2aZuvU=
2020-08-19T01:29:39.072Z - info: v-c-merchant-id : testrest
2020-08-19T01:29:39.072Z - info: date : Wed, 19 Aug 2020 01:29:39 GMT
2020-08-19T01:29:39.072Z - info: host : apitest.cybersource.com
2020-08-19T01:29:39.072Z - info: signature : keyid="08c94330-f618-42a3-b09d-e1e43be5efda", algorithm="HmacSHA256", headers="host date (request-target) digest v-c-merchant-id", signature="MhsxVl0Kkkrsj5XMK4o4NaE2PfmdcIrriYhm0Zt+2JM="
2020-08-19T01:29:39.072Z - info: User-Agent : Mozilla/5.0
2020-08-19T01:29:39.072Z - info: END > =========================================
2020-08-19T02:15:09.214Z - info: START > =======================================
2020-08-19T02:15:09.216Z - info: Authentication Type : http_signature
2020-08-19T02:15:09.214Z - warn: Entered log directory does not exists. Taking default log directory ./log
2020-08-19T02:15:09.216Z - info: Request Type : POST
2020-08-19T02:15:09.217Z - info: signatureHeader : keyid="08c94330-f618-42a3-b09d-e1e43be5efda", algorithm="HmacSHA256", headers="host date (request-target) digest v-c-merchant-id", signature="K9QbOsw24xy01UbQnMlmlkHiw5DnNmh8qUZHeNCtXVQ="
2020-08-19T02:15:09.217Z - info: digest : SHA-256=Kqzh37cvNYi769qYR5+Oat6SwVuDu0ZtolJXwufEdyo=
2020-08-19T02:15:09.218Z - info: v-c-merchant-id : testrest
2020-08-19T02:15:09.218Z - info: date : Wed, 19 Aug 2020 02:15:09 GMT
2020-08-19T02:15:09.218Z - info: host : apitest.cybersource.com
2020-08-19T02:15:09.218Z - info: signature : keyid="08c94330-f618-42a3-b09d-e1e43be5efda", algorithm="HmacSHA256", headers="host date (request-target) digest v-c-merchant-id", signature="K9QbOsw24xy01UbQnMlmlkHiw5DnNmh8qUZHeNCtXVQ="
2020-08-19T02:15:09.218Z - info: User-Agent : Mozilla/5.0
2020-08-19T02:15:09.218Z - info: END > =========================================
2020-08-19T02:17:03.568Z - info: START > =======================================
2020-08-19T02:17:03.568Z - info: Authentication Type : http_signature
2020-08-19T02:17:03.568Z - warn: Entered log directory does not exists. Taking default log directory ./log
2020-08-19T02:17:03.568Z - info: Request Type : POST
2020-08-19T02:17:03.569Z - info: signatureHeader : keyid="08c94330-f618-42a3-b09d-e1e43be5efda", algorithm="HmacSHA256", headers="host date (request-target) digest v-c-merchant-id", signature="pxi2vgkxAMIGIgI5P81gKNNOb+RoJtH4Za3NEGU2AFc="
2020-08-19T02:17:03.569Z - info: digest : SHA-256=BAbspj6hQz9kPfBWjbO67MqycFqXFkUHMPT/pzun4mM=
2020-08-19T02:17:03.569Z - info: v-c-merchant-id : testrest
2020-08-19T02:17:03.569Z - info: date : Wed, 19 Aug 2020 02:17:03 GMT
2020-08-19T02:17:03.569Z - info: host : apitest.cybersource.com
2020-08-19T02:17:03.569Z - info: signature : keyid="08c94330-f618-42a3-b09d-e1e43be5efda", algorithm="HmacSHA256", headers="host date (request-target) digest v-c-merchant-id", signature="pxi2vgkxAMIGIgI5P81gKNNOb+RoJtH4Za3NEGU2AFc="
2020-08-19T02:17:03.569Z - info: User-Agent : Mozilla/5.0
2020-08-19T02:17:03.569Z - info: END > =========================================
2020-08-19T04:29:58.957Z - info: START > =======================================
2020-08-19T04:29:58.968Z - info: Authentication Type : http_signature
2020-08-19T04:29:58.958Z - warn: Entered log directory does not exists. Taking default log directory ./log
2020-08-19T04:29:58.968Z - info: Request Type : POST
2020-08-19T04:29:58.982Z - info: signatureHeader : keyid="08c94330-f618-42a3-b09d-e1e43be5efda", algorithm="HmacSHA256", headers="host date (request-target) digest v-c-merchant-id", signature="m04r06jd1m0aC9+EOPpl0e0yWR/yS+2ihs5X+aCFlzM="
2020-08-19T04:29:58.982Z - info: digest : SHA-256=FVbgfQgXe0/V90eqZPqSC00cWUnaBu0Pw6Oox6IEdW4=
2020-08-19T04:29:58.982Z - info: v-c-merchant-id : testrest
2020-08-19T04:29:58.982Z - info: date : Wed, 19 Aug 2020 04:29:58 GMT
2020-08-19T04:29:58.982Z - info: host : apitest.cybersource.com
2020-08-19T04:29:58.982Z - info: signature : keyid="08c94330-f618-42a3-b09d-e1e43be5efda", algorithm="HmacSHA256", headers="host date (request-target) digest v-c-merchant-id", signature="m04r06jd1m0aC9+EOPpl0e0yWR/yS+2ihs5X+aCFlzM="
2020-08-19T04:29:58.982Z - info: User-Agent : Mozilla/5.0
2020-08-19T04:29:58.982Z - info: END > =========================================
2020-08-19T04:31:14.291Z - info: START > =======================================
2020-08-19T04:31:14.294Z - info: Authentication Type : http_signature
2020-08-19T04:31:14.292Z - warn: Entered log directory does not exists. Taking default log directory ./log
2020-08-19T04:31:14.294Z - info: Request Type : POST
2020-08-19T04:31:14.295Z - info: signatureHeader : keyid="08c94330-f618-42a3-b09d-e1e43be5efda", algorithm="HmacSHA256", headers="host date (request-target) digest v-c-merchant-id", signature="B+My0CQW1qc/xPGLLdFrkB8FjLhyrr/T29tOSq40i+4="
2020-08-19T04:31:14.295Z - info: digest : SHA-256=FVbgfQgXe0/V90eqZPqSC00cWUnaBu0Pw6Oox6IEdW4=
2020-08-19T04:31:14.295Z - info: v-c-merchant-id : testrest
2020-08-19T04:31:14.295Z - info: date : Wed, 19 Aug 2020 04:31:14 GMT
2020-08-19T04:31:14.295Z - info: host : apitest.cybersource.com
2020-08-19T04:31:14.295Z - info: signature : keyid="08c94330-f618-42a3-b09d-e1e43be5efda", algorithm="HmacSHA256", headers="host date (request-target) digest v-c-merchant-id", signature="B+My0CQW1qc/xPGLLdFrkB8FjLhyrr/T29tOSq40i+4="
2020-08-19T04:31:14.295Z - info: User-Agent : Mozilla/5.0
2020-08-19T04:31:14.295Z - info: END > =========================================
2020-08-19T04:31:15.851Z - error: uncaughtException: Cannot read property 'status' of undefined date=Tue Aug 18 2020 21:31:15 GMT-0700 (Pacific Daylight Time), pid=19468, uid=null, gid=null, cwd=E:\Alex\NCE\nce-server, execPath=C:\Program Files\nodejs\node.exe, version=v12.6.0, argv=[C:\Program Files\nodejs\node.exe, E:\Alex\NCE\nce-server\index.js, index.js], rss=98795520, heapTotal=73195520, heapUsed=39363072, external=19905151, loadavg=[0, 0, 0], uptime=430398, trace=[column=33, file=E:\Alex\NCE\nce-server\routes\donor.js, function=null, line=170, method=null, native=false, column=9, file=E:\Alex\NCE\nce-server\node_modules\cybersource-rest-client\src\ApiClient.js, function=null, line=601, method=null, native=false, column=12, file=E:\Alex\NCE\nce-server\node_modules\superagent\lib\node\index.js, function=Request.callback, line=716, method=callback, native=false, column=18, file=E:\Alex\NCE\nce-server\node_modules\superagent\lib\node\index.js, function=null, line=916, method=null, native=false, column=7, file=E:\Alex\NCE\nce-server\node_modules\superagent\lib\node\parsers\json.js, function=null, line=19, method=null, native=false, column=15, file=events.js, function=IncomingMessage.emit, line=208, method=emit, native=false, column=12, file=_stream_readable.js, function=endReadableNT, line=1154, method=null, native=false, column=11, file=internal/process/task_queues.js, function=processTicksAndRejections, line=77, method=null, native=false], stack=[TypeError: Cannot read property 'status' of undefined,     at E:\Alex\NCE\nce-server\routes\donor.js:170:33,     at E:\Alex\NCE\nce-server\node_modules\cybersource-rest-client\src\ApiClient.js:601:9,     at Request.callback (E:\Alex\NCE\nce-server\node_modules\superagent\lib\node\index.js:716:12),     at E:\Alex\NCE\nce-server\node_modules\superagent\lib\node\index.js:916:18,     at IncomingMessage.<anonymous> (E:\Alex\NCE\nce-server\node_modules\superagent\lib\node\parsers\json.js:19:7),     at IncomingMessage.emit (events.js:208:15),     at endReadableNT (_stream_readable.js:1154:12),     at processTicksAndRejections (internal/process/task_queues.js:77:11)]
2020-08-19T04:31:15.855Z - error: uncaughtException: Cannot read property 'status' of undefined date=Tue Aug 18 2020 21:31:15 GMT-0700 (Pacific Daylight Time), pid=19468, uid=null, gid=null, cwd=E:\Alex\NCE\nce-server, execPath=C:\Program Files\nodejs\node.exe, version=v12.6.0, argv=[C:\Program Files\nodejs\node.exe, E:\Alex\NCE\nce-server\index.js, index.js], rss=99692544, heapTotal=73195520, heapUsed=39481472, external=19913399, loadavg=[0, 0, 0], uptime=430398, trace=[column=33, file=E:\Alex\NCE\nce-server\routes\donor.js, function=null, line=170, method=null, native=false, column=9, file=E:\Alex\NCE\nce-server\node_modules\cybersource-rest-client\src\ApiClient.js, function=null, line=601, method=null, native=false, column=12, file=E:\Alex\NCE\nce-server\node_modules\superagent\lib\node\index.js, function=Request.callback, line=716, method=callback, native=false, column=18, file=E:\Alex\NCE\nce-server\node_modules\superagent\lib\node\index.js, function=null, line=916, method=null, native=false, column=7, file=E:\Alex\NCE\nce-server\node_modules\superagent\lib\node\parsers\json.js, function=null, line=19, method=null, native=false, column=15, file=events.js, function=IncomingMessage.emit, line=208, method=emit, native=false, column=12, file=_stream_readable.js, function=endReadableNT, line=1154, method=null, native=false, column=11, file=internal/process/task_queues.js, function=processTicksAndRejections, line=77, method=null, native=false], stack=[TypeError: Cannot read property 'status' of undefined,     at E:\Alex\NCE\nce-server\routes\donor.js:170:33,     at E:\Alex\NCE\nce-server\node_modules\cybersource-rest-client\src\ApiClient.js:601:9,     at Request.callback (E:\Alex\NCE\nce-server\node_modules\superagent\lib\node\index.js:716:12),     at E:\Alex\NCE\nce-server\node_modules\superagent\lib\node\index.js:916:18,     at IncomingMessage.<anonymous> (E:\Alex\NCE\nce-server\node_modules\superagent\lib\node\parsers\json.js:19:7),     at IncomingMessage.emit (events.js:208:15),     at endReadableNT (_stream_readable.js:1154:12),     at processTicksAndRejections (internal/process/task_queues.js:77:11)]
2020-08-19T04:31:43.428Z - info: START > =======================================
2020-08-19T04:31:43.429Z - info: Authentication Type : http_signature
2020-08-19T04:31:43.428Z - warn: Entered log directory does not exists. Taking default log directory ./log
2020-08-19T04:31:43.429Z - info: Request Type : POST
2020-08-19T04:31:43.430Z - info: signatureHeader : keyid="08c94330-f618-42a3-b09d-e1e43be5efda", algorithm="HmacSHA256", headers="host date (request-target) digest v-c-merchant-id", signature="thmsbeK7yvJ6au0fjjIske5S8Jro8xgWWf2R96HbzhI="
2020-08-19T04:31:43.430Z - info: digest : SHA-256=FVbgfQgXe0/V90eqZPqSC00cWUnaBu0Pw6Oox6IEdW4=
2020-08-19T04:31:43.430Z - info: v-c-merchant-id : testrest
2020-08-19T04:31:43.430Z - info: date : Wed, 19 Aug 2020 04:31:43 GMT
2020-08-19T04:31:43.430Z - info: host : apitest.cybersource.com
2020-08-19T04:31:43.430Z - info: signature : keyid="08c94330-f618-42a3-b09d-e1e43be5efda", algorithm="HmacSHA256", headers="host date (request-target) digest v-c-merchant-id", signature="thmsbeK7yvJ6au0fjjIske5S8Jro8xgWWf2R96HbzhI="
2020-08-19T04:31:43.430Z - info: User-Agent : Mozilla/5.0
2020-08-19T04:31:43.430Z - info: END > =========================================
2020-08-19T04:31:44.922Z - error: uncaughtException: Cannot read property 'status' of undefined date=Tue Aug 18 2020 21:31:44 GMT-0700 (Pacific Daylight Time), pid=19468, uid=null, gid=null, cwd=E:\Alex\NCE\nce-server, execPath=C:\Program Files\nodejs\node.exe, version=v12.6.0, argv=[C:\Program Files\nodejs\node.exe, E:\Alex\NCE\nce-server\index.js, index.js], rss=67522560, heapTotal=38555648, heapUsed=35047376, external=19574532, loadavg=[0, 0, 0], uptime=430427, trace=[column=33, file=E:\Alex\NCE\nce-server\routes\donor.js, function=null, line=170, method=null, native=false, column=9, file=E:\Alex\NCE\nce-server\node_modules\cybersource-rest-client\src\ApiClient.js, function=null, line=601, method=null, native=false, column=12, file=E:\Alex\NCE\nce-server\node_modules\superagent\lib\node\index.js, function=Request.callback, line=716, method=callback, native=false, column=18, file=E:\Alex\NCE\nce-server\node_modules\superagent\lib\node\index.js, function=null, line=916, method=null, native=false, column=7, file=E:\Alex\NCE\nce-server\node_modules\superagent\lib\node\parsers\json.js, function=null, line=19, method=null, native=false, column=15, file=events.js, function=IncomingMessage.emit, line=208, method=emit, native=false, column=12, file=_stream_readable.js, function=endReadableNT, line=1154, method=null, native=false, column=11, file=internal/process/task_queues.js, function=processTicksAndRejections, line=77, method=null, native=false], stack=[TypeError: Cannot read property 'status' of undefined,     at E:\Alex\NCE\nce-server\routes\donor.js:170:33,     at E:\Alex\NCE\nce-server\node_modules\cybersource-rest-client\src\ApiClient.js:601:9,     at Request.callback (E:\Alex\NCE\nce-server\node_modules\superagent\lib\node\index.js:716:12),     at E:\Alex\NCE\nce-server\node_modules\superagent\lib\node\index.js:916:18,     at IncomingMessage.<anonymous> (E:\Alex\NCE\nce-server\node_modules\superagent\lib\node\parsers\json.js:19:7),     at IncomingMessage.emit (events.js:208:15),     at endReadableNT (_stream_readable.js:1154:12),     at processTicksAndRejections (internal/process/task_queues.js:77:11)]
2020-08-19T04:31:44.925Z - error: uncaughtException: Cannot read property 'status' of undefined date=Tue Aug 18 2020 21:31:44 GMT-0700 (Pacific Daylight Time), pid=19468, uid=null, gid=null, cwd=E:\Alex\NCE\nce-server, execPath=C:\Program Files\nodejs\node.exe, version=v12.6.0, argv=[C:\Program Files\nodejs\node.exe, E:\Alex\NCE\nce-server\index.js, index.js], rss=67575808, heapTotal=38555648, heapUsed=35109016, external=19582724, loadavg=[0, 0, 0], uptime=430427, trace=[column=33, file=E:\Alex\NCE\nce-server\routes\donor.js, function=null, line=170, method=null, native=false, column=9, file=E:\Alex\NCE\nce-server\node_modules\cybersource-rest-client\src\ApiClient.js, function=null, line=601, method=null, native=false, column=12, file=E:\Alex\NCE\nce-server\node_modules\superagent\lib\node\index.js, function=Request.callback, line=716, method=callback, native=false, column=18, file=E:\Alex\NCE\nce-server\node_modules\superagent\lib\node\index.js, function=null, line=916, method=null, native=false, column=7, file=E:\Alex\NCE\nce-server\node_modules\superagent\lib\node\parsers\json.js, function=null, line=19, method=null, native=false, column=15, file=events.js, function=IncomingMessage.emit, line=208, method=emit, native=false, column=12, file=_stream_readable.js, function=endReadableNT, line=1154, method=null, native=false, column=11, file=internal/process/task_queues.js, function=processTicksAndRejections, line=77, method=null, native=false], stack=[TypeError: Cannot read property 'status' of undefined,     at E:\Alex\NCE\nce-server\routes\donor.js:170:33,     at E:\Alex\NCE\nce-server\node_modules\cybersource-rest-client\src\ApiClient.js:601:9,     at Request.callback (E:\Alex\NCE\nce-server\node_modules\superagent\lib\node\index.js:716:12),     at E:\Alex\NCE\nce-server\node_modules\superagent\lib\node\index.js:916:18,     at IncomingMessage.<anonymous> (E:\Alex\NCE\nce-server\node_modules\superagent\lib\node\parsers\json.js:19:7),     at IncomingMessage.emit (events.js:208:15),     at endReadableNT (_stream_readable.js:1154:12),     at processTicksAndRejections (internal/process/task_queues.js:77:11)]
2020-08-19T04:31:44.929Z - error: uncaughtException: Cannot read property 'status' of undefined date=Tue Aug 18 2020 21:31:44 GMT-0700 (Pacific Daylight Time), pid=19468, uid=null, gid=null, cwd=E:\Alex\NCE\nce-server, execPath=C:\Program Files\nodejs\node.exe, version=v12.6.0, argv=[C:\Program Files\nodejs\node.exe, E:\Alex\NCE\nce-server\index.js, index.js], rss=67620864, heapTotal=38555648, heapUsed=35153312, external=19582724, loadavg=[0, 0, 0], uptime=430427, trace=[column=33, file=E:\Alex\NCE\nce-server\routes\donor.js, function=null, line=170, method=null, native=false, column=9, file=E:\Alex\NCE\nce-server\node_modules\cybersource-rest-client\src\ApiClient.js, function=null, line=601, method=null, native=false, column=12, file=E:\Alex\NCE\nce-server\node_modules\superagent\lib\node\index.js, function=Request.callback, line=716, method=callback, native=false, column=18, file=E:\Alex\NCE\nce-server\node_modules\superagent\lib\node\index.js, function=null, line=916, method=null, native=false, column=7, file=E:\Alex\NCE\nce-server\node_modules\superagent\lib\node\parsers\json.js, function=null, line=19, method=null, native=false, column=15, file=events.js, function=IncomingMessage.emit, line=208, method=emit, native=false, column=12, file=_stream_readable.js, function=endReadableNT, line=1154, method=null, native=false, column=11, file=internal/process/task_queues.js, function=processTicksAndRejections, line=77, method=null, native=false], stack=[TypeError: Cannot read property 'status' of undefined,     at E:\Alex\NCE\nce-server\routes\donor.js:170:33,     at E:\Alex\NCE\nce-server\node_modules\cybersource-rest-client\src\ApiClient.js:601:9,     at Request.callback (E:\Alex\NCE\nce-server\node_modules\superagent\lib\node\index.js:716:12),     at E:\Alex\NCE\nce-server\node_modules\superagent\lib\node\index.js:916:18,     at IncomingMessage.<anonymous> (E:\Alex\NCE\nce-server\node_modules\superagent\lib\node\parsers\json.js:19:7),     at IncomingMessage.emit (events.js:208:15),     at endReadableNT (_stream_readable.js:1154:12),     at processTicksAndRejections (internal/process/task_queues.js:77:11)]
2020-08-19T04:31:44.932Z - error: uncaughtException: Cannot read property 'status' of undefined date=Tue Aug 18 2020 21:31:44 GMT-0700 (Pacific Daylight Time), pid=19468, uid=null, gid=null, cwd=E:\Alex\NCE\nce-server, execPath=C:\Program Files\nodejs\node.exe, version=v12.6.0, argv=[C:\Program Files\nodejs\node.exe, E:\Alex\NCE\nce-server\index.js, index.js], rss=67665920, heapTotal=38555648, heapUsed=35197648, external=19582724, loadavg=[0, 0, 0], uptime=430427, trace=[column=33, file=E:\Alex\NCE\nce-server\routes\donor.js, function=null, line=170, method=null, native=false, column=9, file=E:\Alex\NCE\nce-server\node_modules\cybersource-rest-client\src\ApiClient.js, function=null, line=601, method=null, native=false, column=12, file=E:\Alex\NCE\nce-server\node_modules\superagent\lib\node\index.js, function=Request.callback, line=716, method=callback, native=false, column=18, file=E:\Alex\NCE\nce-server\node_modules\superagent\lib\node\index.js, function=null, line=916, method=null, native=false, column=7, file=E:\Alex\NCE\nce-server\node_modules\superagent\lib\node\parsers\json.js, function=null, line=19, method=null, native=false, column=15, file=events.js, function=IncomingMessage.emit, line=208, method=emit, native=false, column=12, file=_stream_readable.js, function=endReadableNT, line=1154, method=null, native=false, column=11, file=internal/process/task_queues.js, function=processTicksAndRejections, line=77, method=null, native=false], stack=[TypeError: Cannot read property 'status' of undefined,     at E:\Alex\NCE\nce-server\routes\donor.js:170:33,     at E:\Alex\NCE\nce-server\node_modules\cybersource-rest-client\src\ApiClient.js:601:9,     at Request.callback (E:\Alex\NCE\nce-server\node_modules\superagent\lib\node\index.js:716:12),     at E:\Alex\NCE\nce-server\node_modules\superagent\lib\node\index.js:916:18,     at IncomingMessage.<anonymous> (E:\Alex\NCE\nce-server\node_modules\superagent\lib\node\parsers\json.js:19:7),     at IncomingMessage.emit (events.js:208:15),     at endReadableNT (_stream_readable.js:1154:12),     at processTicksAndRejections (internal/process/task_queues.js:77:11)]
2020-08-19T04:32:40.353Z - info: START > =======================================
2020-08-19T04:32:40.356Z - info: Authentication Type : http_signature
2020-08-19T04:32:40.377Z - info: START > =======================================
2020-08-19T04:32:40.378Z - info: Authentication Type : http_signature
2020-08-19T04:32:40.354Z - warn: Entered log directory does not exists. Taking default log directory ./log
2020-08-19T04:32:40.356Z - info: Request Type : POST
2020-08-19T04:32:40.358Z - info: signatureHeader : keyid="08c94330-f618-42a3-b09d-e1e43be5efda", algorithm="HmacSHA256", headers="host date (request-target) digest v-c-merchant-id", signature="GW4olOHicQxILCkTL3VjL2/VU9Bo86uvOxlzON0J/zY="
2020-08-19T04:32:40.377Z - warn: Entered log directory does not exists. Taking default log directory ./log
2020-08-19T04:32:40.358Z - info: digest : SHA-256=FVbgfQgXe0/V90eqZPqSC00cWUnaBu0Pw6Oox6IEdW4=
2020-08-19T04:32:40.378Z - info: Request Type : POST
2020-08-19T04:32:40.358Z - info: v-c-merchant-id : testrest
2020-08-19T04:32:40.378Z - info: signatureHeader : keyid="08c94330-f618-42a3-b09d-e1e43be5efda", algorithm="HmacSHA256", headers="host date (request-target) digest v-c-merchant-id", signature="GW4olOHicQxILCkTL3VjL2/VU9Bo86uvOxlzON0J/zY="
2020-08-19T04:32:40.358Z - info: date : Wed, 19 Aug 2020 04:32:40 GMT
2020-08-19T04:32:40.378Z - info: digest : SHA-256=FVbgfQgXe0/V90eqZPqSC00cWUnaBu0Pw6Oox6IEdW4=
2020-08-19T04:32:40.358Z - info: host : apitest.cybersource.com
2020-08-19T04:32:40.378Z - info: v-c-merchant-id : testrest
2020-08-19T04:32:40.358Z - info: signature : keyid="08c94330-f618-42a3-b09d-e1e43be5efda", algorithm="HmacSHA256", headers="host date (request-target) digest v-c-merchant-id", signature="GW4olOHicQxILCkTL3VjL2/VU9Bo86uvOxlzON0J/zY="
2020-08-19T04:32:40.378Z - info: date : Wed, 19 Aug 2020 04:32:40 GMT
2020-08-19T04:32:40.358Z - info: User-Agent : Mozilla/5.0
2020-08-19T04:32:40.378Z - info: host : apitest.cybersource.com
2020-08-19T04:32:40.358Z - info: END > =========================================
2020-08-19T04:32:40.378Z - info: signature : keyid="08c94330-f618-42a3-b09d-e1e43be5efda", algorithm="HmacSHA256", headers="host date (request-target) digest v-c-merchant-id", signature="GW4olOHicQxILCkTL3VjL2/VU9Bo86uvOxlzON0J/zY="
2020-08-19T04:32:40.378Z - info: User-Agent : Mozilla/5.0
2020-08-19T04:32:40.378Z - info: END > =========================================
2020-08-19T04:32:41.831Z - error: uncaughtException: Cannot read property 'status' of undefined date=Tue Aug 18 2020 21:32:41 GMT-0700 (Pacific Daylight Time), pid=19144, uid=null, gid=null, cwd=E:\Alex\NCE\nce-server, execPath=C:\Program Files\nodejs\node.exe, version=v12.6.0, argv=[C:\Program Files\nodejs\node.exe, E:\Alex\NCE\nce-server\index.js, index.js], rss=98357248, heapTotal=72933376, heapUsed=39793312, external=20019091, loadavg=[0, 0, 0], uptime=430484, trace=[column=33, file=E:\Alex\NCE\nce-server\routes\donor.js, function=null, line=170, method=null, native=false, column=9, file=E:\Alex\NCE\nce-server\node_modules\cybersource-rest-client\src\ApiClient.js, function=null, line=601, method=null, native=false, column=12, file=E:\Alex\NCE\nce-server\node_modules\superagent\lib\node\index.js, function=Request.callback, line=716, method=callback, native=false, column=18, file=E:\Alex\NCE\nce-server\node_modules\superagent\lib\node\index.js, function=null, line=916, method=null, native=false, column=7, file=E:\Alex\NCE\nce-server\node_modules\superagent\lib\node\parsers\json.js, function=null, line=19, method=null, native=false, column=15, file=events.js, function=IncomingMessage.emit, line=208, method=emit, native=false, column=12, file=_stream_readable.js, function=endReadableNT, line=1154, method=null, native=false, column=11, file=internal/process/task_queues.js, function=processTicksAndRejections, line=77, method=null, native=false], stack=[TypeError: Cannot read property 'status' of undefined,     at E:\Alex\NCE\nce-server\routes\donor.js:170:33,     at E:\Alex\NCE\nce-server\node_modules\cybersource-rest-client\src\ApiClient.js:601:9,     at Request.callback (E:\Alex\NCE\nce-server\node_modules\superagent\lib\node\index.js:716:12),     at E:\Alex\NCE\nce-server\node_modules\superagent\lib\node\index.js:916:18,     at IncomingMessage.<anonymous> (E:\Alex\NCE\nce-server\node_modules\superagent\lib\node\parsers\json.js:19:7),     at IncomingMessage.emit (events.js:208:15),     at endReadableNT (_stream_readable.js:1154:12),     at processTicksAndRejections (internal/process/task_queues.js:77:11)]
2020-08-19T04:32:41.835Z - error: uncaughtException: Cannot read property 'status' of undefined date=Tue Aug 18 2020 21:32:41 GMT-0700 (Pacific Daylight Time), pid=19144, uid=null, gid=null, cwd=E:\Alex\NCE\nce-server, execPath=C:\Program Files\nodejs\node.exe, version=v12.6.0, argv=[C:\Program Files\nodejs\node.exe, E:\Alex\NCE\nce-server\index.js, index.js], rss=99303424, heapTotal=72933376, heapUsed=39911544, external=20019147, loadavg=[0, 0, 0], uptime=430484, trace=[column=33, file=E:\Alex\NCE\nce-server\routes\donor.js, function=null, line=170, method=null, native=false, column=9, file=E:\Alex\NCE\nce-server\node_modules\cybersource-rest-client\src\ApiClient.js, function=null, line=601, method=null, native=false, column=12, file=E:\Alex\NCE\nce-server\node_modules\superagent\lib\node\index.js, function=Request.callback, line=716, method=callback, native=false, column=18, file=E:\Alex\NCE\nce-server\node_modules\superagent\lib\node\index.js, function=null, line=916, method=null, native=false, column=7, file=E:\Alex\NCE\nce-server\node_modules\superagent\lib\node\parsers\json.js, function=null, line=19, method=null, native=false, column=15, file=events.js, function=IncomingMessage.emit, line=208, method=emit, native=false, column=12, file=_stream_readable.js, function=endReadableNT, line=1154, method=null, native=false, column=11, file=internal/process/task_queues.js, function=processTicksAndRejections, line=77, method=null, native=false], stack=[TypeError: Cannot read property 'status' of undefined,     at E:\Alex\NCE\nce-server\routes\donor.js:170:33,     at E:\Alex\NCE\nce-server\node_modules\cybersource-rest-client\src\ApiClient.js:601:9,     at Request.callback (E:\Alex\NCE\nce-server\node_modules\superagent\lib\node\index.js:716:12),     at E:\Alex\NCE\nce-server\node_modules\superagent\lib\node\index.js:916:18,     at IncomingMessage.<anonymous> (E:\Alex\NCE\nce-server\node_modules\superagent\lib\node\parsers\json.js:19:7),     at IncomingMessage.emit (events.js:208:15),     at endReadableNT (_stream_readable.js:1154:12),     at processTicksAndRejections (internal/process/task_queues.js:77:11)]
2020-08-19T04:32:41.839Z - error: uncaughtException: Cannot read property 'status' of undefined date=Tue Aug 18 2020 21:32:41 GMT-0700 (Pacific Daylight Time), pid=19144, uid=null, gid=null, cwd=E:\Alex\NCE\nce-server, execPath=C:\Program Files\nodejs\node.exe, version=v12.6.0, argv=[C:\Program Files\nodejs\node.exe, E:\Alex\NCE\nce-server\index.js, index.js], rss=99303424, heapTotal=72933376, heapUsed=39959384, external=20019147, loadavg=[0, 0, 0], uptime=430484, trace=[column=33, file=E:\Alex\NCE\nce-server\routes\donor.js, function=null, line=170, method=null, native=false, column=9, file=E:\Alex\NCE\nce-server\node_modules\cybersource-rest-client\src\ApiClient.js, function=null, line=601, method=null, native=false, column=12, file=E:\Alex\NCE\nce-server\node_modules\superagent\lib\node\index.js, function=Request.callback, line=716, method=callback, native=false, column=18, file=E:\Alex\NCE\nce-server\node_modules\superagent\lib\node\index.js, function=null, line=916, method=null, native=false, column=7, file=E:\Alex\NCE\nce-server\node_modules\superagent\lib\node\parsers\json.js, function=null, line=19, method=null, native=false, column=15, file=events.js, function=IncomingMessage.emit, line=208, method=emit, native=false, column=12, file=_stream_readable.js, function=endReadableNT, line=1154, method=null, native=false, column=11, file=internal/process/task_queues.js, function=processTicksAndRejections, line=77, method=null, native=false], stack=[TypeError: Cannot read property 'status' of undefined,     at E:\Alex\NCE\nce-server\routes\donor.js:170:33,     at E:\Alex\NCE\nce-server\node_modules\cybersource-rest-client\src\ApiClient.js:601:9,     at Request.callback (E:\Alex\NCE\nce-server\node_modules\superagent\lib\node\index.js:716:12),     at E:\Alex\NCE\nce-server\node_modules\superagent\lib\node\index.js:916:18,     at IncomingMessage.<anonymous> (E:\Alex\NCE\nce-server\node_modules\superagent\lib\node\parsers\json.js:19:7),     at IncomingMessage.emit (events.js:208:15),     at endReadableNT (_stream_readable.js:1154:12),     at processTicksAndRejections (internal/process/task_queues.js:77:11)]
2020-08-19T04:32:41.843Z - error: uncaughtException: Cannot read property 'status' of undefined date=Tue Aug 18 2020 21:32:41 GMT-0700 (Pacific Daylight Time), pid=19144, uid=null, gid=null, cwd=E:\Alex\NCE\nce-server, execPath=C:\Program Files\nodejs\node.exe, version=v12.6.0, argv=[C:\Program Files\nodejs\node.exe, E:\Alex\NCE\nce-server\index.js, index.js], rss=99303424, heapTotal=72933376, heapUsed=40003848, external=20019147, loadavg=[0, 0, 0], uptime=430484, trace=[column=33, file=E:\Alex\NCE\nce-server\routes\donor.js, function=null, line=170, method=null, native=false, column=9, file=E:\Alex\NCE\nce-server\node_modules\cybersource-rest-client\src\ApiClient.js, function=null, line=601, method=null, native=false, column=12, file=E:\Alex\NCE\nce-server\node_modules\superagent\lib\node\index.js, function=Request.callback, line=716, method=callback, native=false, column=18, file=E:\Alex\NCE\nce-server\node_modules\superagent\lib\node\index.js, function=null, line=916, method=null, native=false, column=7, file=E:\Alex\NCE\nce-server\node_modules\superagent\lib\node\parsers\json.js, function=null, line=19, method=null, native=false, column=15, file=events.js, function=IncomingMessage.emit, line=208, method=emit, native=false, column=12, file=_stream_readable.js, function=endReadableNT, line=1154, method=null, native=false, column=11, file=internal/process/task_queues.js, function=processTicksAndRejections, line=77, method=null, native=false], stack=[TypeError: Cannot read property 'status' of undefined,     at E:\Alex\NCE\nce-server\routes\donor.js:170:33,     at E:\Alex\NCE\nce-server\node_modules\cybersource-rest-client\src\ApiClient.js:601:9,     at Request.callback (E:\Alex\NCE\nce-server\node_modules\superagent\lib\node\index.js:716:12),     at E:\Alex\NCE\nce-server\node_modules\superagent\lib\node\index.js:916:18,     at IncomingMessage.<anonymous> (E:\Alex\NCE\nce-server\node_modules\superagent\lib\node\parsers\json.js:19:7),     at IncomingMessage.emit (events.js:208:15),     at endReadableNT (_stream_readable.js:1154:12),     at processTicksAndRejections (internal/process/task_queues.js:77:11)]
2020-08-19T04:32:41.854Z - error: uncaughtException: Cannot read property 'status' of undefined date=Tue Aug 18 2020 21:32:41 GMT-0700 (Pacific Daylight Time), pid=19144, uid=null, gid=null, cwd=E:\Alex\NCE\nce-server, execPath=C:\Program Files\nodejs\node.exe, version=v12.6.0, argv=[C:\Program Files\nodejs\node.exe, E:\Alex\NCE\nce-server\index.js, index.js], rss=99311616, heapTotal=72933376, heapUsed=40094512, external=20027767, loadavg=[0, 0, 0], uptime=430484, trace=[column=33, file=E:\Alex\NCE\nce-server\routes\donor.js, function=null, line=170, method=null, native=false, column=9, file=E:\Alex\NCE\nce-server\node_modules\cybersource-rest-client\src\ApiClient.js, function=null, line=601, method=null, native=false, column=12, file=E:\Alex\NCE\nce-server\node_modules\superagent\lib\node\index.js, function=Request.callback, line=716, method=callback, native=false, column=18, file=E:\Alex\NCE\nce-server\node_modules\superagent\lib\node\index.js, function=null, line=916, method=null, native=false, column=7, file=E:\Alex\NCE\nce-server\node_modules\superagent\lib\node\parsers\json.js, function=null, line=19, method=null, native=false, column=15, file=events.js, function=IncomingMessage.emit, line=208, method=emit, native=false, column=12, file=_stream_readable.js, function=endReadableNT, line=1154, method=null, native=false, column=11, file=internal/process/task_queues.js, function=processTicksAndRejections, line=77, method=null, native=false], stack=[TypeError: Cannot read property 'status' of undefined,     at E:\Alex\NCE\nce-server\routes\donor.js:170:33,     at E:\Alex\NCE\nce-server\node_modules\cybersource-rest-client\src\ApiClient.js:601:9,     at Request.callback (E:\Alex\NCE\nce-server\node_modules\superagent\lib\node\index.js:716:12),     at E:\Alex\NCE\nce-server\node_modules\superagent\lib\node\index.js:916:18,     at IncomingMessage.<anonymous> (E:\Alex\NCE\nce-server\node_modules\superagent\lib\node\parsers\json.js:19:7),     at IncomingMessage.emit (events.js:208:15),     at endReadableNT (_stream_readable.js:1154:12),     at processTicksAndRejections (internal/process/task_queues.js:77:11)]
2020-08-19T04:32:41.858Z - error: uncaughtException: Cannot read property 'status' of undefined date=Tue Aug 18 2020 21:32:41 GMT-0700 (Pacific Daylight Time), pid=19144, uid=null, gid=null, cwd=E:\Alex\NCE\nce-server, execPath=C:\Program Files\nodejs\node.exe, version=v12.6.0, argv=[C:\Program Files\nodejs\node.exe, E:\Alex\NCE\nce-server\index.js, index.js], rss=99311616, heapTotal=72933376, heapUsed=40145656, external=20027767, loadavg=[0, 0, 0], uptime=430484, trace=[column=33, file=E:\Alex\NCE\nce-server\routes\donor.js, function=null, line=170, method=null, native=false, column=9, file=E:\Alex\NCE\nce-server\node_modules\cybersource-rest-client\src\ApiClient.js, function=null, line=601, method=null, native=false, column=12, file=E:\Alex\NCE\nce-server\node_modules\superagent\lib\node\index.js, function=Request.callback, line=716, method=callback, native=false, column=18, file=E:\Alex\NCE\nce-server\node_modules\superagent\lib\node\index.js, function=null, line=916, method=null, native=false, column=7, file=E:\Alex\NCE\nce-server\node_modules\superagent\lib\node\parsers\json.js, function=null, line=19, method=null, native=false, column=15, file=events.js, function=IncomingMessage.emit, line=208, method=emit, native=false, column=12, file=_stream_readable.js, function=endReadableNT, line=1154, method=null, native=false, column=11, file=internal/process/task_queues.js, function=processTicksAndRejections, line=77, method=null, native=false], stack=[TypeError: Cannot read property 'status' of undefined,     at E:\Alex\NCE\nce-server\routes\donor.js:170:33,     at E:\Alex\NCE\nce-server\node_modules\cybersource-rest-client\src\ApiClient.js:601:9,     at Request.callback (E:\Alex\NCE\nce-server\node_modules\superagent\lib\node\index.js:716:12),     at E:\Alex\NCE\nce-server\node_modules\superagent\lib\node\index.js:916:18,     at IncomingMessage.<anonymous> (E:\Alex\NCE\nce-server\node_modules\superagent\lib\node\parsers\json.js:19:7),     at IncomingMessage.emit (events.js:208:15),     at endReadableNT (_stream_readable.js:1154:12),     at processTicksAndRejections (internal/process/task_queues.js:77:11)]
2020-08-19T04:32:41.862Z - error: uncaughtException: Cannot read property 'status' of undefined date=Tue Aug 18 2020 21:32:41 GMT-0700 (Pacific Daylight Time), pid=19144, uid=null, gid=null, cwd=E:\Alex\NCE\nce-server, execPath=C:\Program Files\nodejs\node.exe, version=v12.6.0, argv=[C:\Program Files\nodejs\node.exe, E:\Alex\NCE\nce-server\index.js, index.js], rss=99311616, heapTotal=72933376, heapUsed=40189840, external=20027767, loadavg=[0, 0, 0], uptime=430484, trace=[column=33, file=E:\Alex\NCE\nce-server\routes\donor.js, function=null, line=170, method=null, native=false, column=9, file=E:\Alex\NCE\nce-server\node_modules\cybersource-rest-client\src\ApiClient.js, function=null, line=601, method=null, native=false, column=12, file=E:\Alex\NCE\nce-server\node_modules\superagent\lib\node\index.js, function=Request.callback, line=716, method=callback, native=false, column=18, file=E:\Alex\NCE\nce-server\node_modules\superagent\lib\node\index.js, function=null, line=916, method=null, native=false, column=7, file=E:\Alex\NCE\nce-server\node_modules\superagent\lib\node\parsers\json.js, function=null, line=19, method=null, native=false, column=15, file=events.js, function=IncomingMessage.emit, line=208, method=emit, native=false, column=12, file=_stream_readable.js, function=endReadableNT, line=1154, method=null, native=false, column=11, file=internal/process/task_queues.js, function=processTicksAndRejections, line=77, method=null, native=false], stack=[TypeError: Cannot read property 'status' of undefined,     at E:\Alex\NCE\nce-server\routes\donor.js:170:33,     at E:\Alex\NCE\nce-server\node_modules\cybersource-rest-client\src\ApiClient.js:601:9,     at Request.callback (E:\Alex\NCE\nce-server\node_modules\superagent\lib\node\index.js:716:12),     at E:\Alex\NCE\nce-server\node_modules\superagent\lib\node\index.js:916:18,     at IncomingMessage.<anonymous> (E:\Alex\NCE\nce-server\node_modules\superagent\lib\node\parsers\json.js:19:7),     at IncomingMessage.emit (events.js:208:15),     at endReadableNT (_stream_readable.js:1154:12),     at processTicksAndRejections (internal/process/task_queues.js:77:11)]
2020-08-19T04:32:41.866Z - error: uncaughtException: Cannot read property 'status' of undefined date=Tue Aug 18 2020 21:32:41 GMT-0700 (Pacific Daylight Time), pid=19144, uid=null, gid=null, cwd=E:\Alex\NCE\nce-server, execPath=C:\Program Files\nodejs\node.exe, version=v12.6.0, argv=[C:\Program Files\nodejs\node.exe, E:\Alex\NCE\nce-server\index.js, index.js], rss=99311616, heapTotal=72933376, heapUsed=40234248, external=20035959, loadavg=[0, 0, 0], uptime=430484, trace=[column=33, file=E:\Alex\NCE\nce-server\routes\donor.js, function=null, line=170, method=null, native=false, column=9, file=E:\Alex\NCE\nce-server\node_modules\cybersource-rest-client\src\ApiClient.js, function=null, line=601, method=null, native=false, column=12, file=E:\Alex\NCE\nce-server\node_modules\superagent\lib\node\index.js, function=Request.callback, line=716, method=callback, native=false, column=18, file=E:\Alex\NCE\nce-server\node_modules\superagent\lib\node\index.js, function=null, line=916, method=null, native=false, column=7, file=E:\Alex\NCE\nce-server\node_modules\superagent\lib\node\parsers\json.js, function=null, line=19, method=null, native=false, column=15, file=events.js, function=IncomingMessage.emit, line=208, method=emit, native=false, column=12, file=_stream_readable.js, function=endReadableNT, line=1154, method=null, native=false, column=11, file=internal/process/task_queues.js, function=processTicksAndRejections, line=77, method=null, native=false], stack=[TypeError: Cannot read property 'status' of undefined,     at E:\Alex\NCE\nce-server\routes\donor.js:170:33,     at E:\Alex\NCE\nce-server\node_modules\cybersource-rest-client\src\ApiClient.js:601:9,     at Request.callback (E:\Alex\NCE\nce-server\node_modules\superagent\lib\node\index.js:716:12),     at E:\Alex\NCE\nce-server\node_modules\superagent\lib\node\index.js:916:18,     at IncomingMessage.<anonymous> (E:\Alex\NCE\nce-server\node_modules\superagent\lib\node\parsers\json.js:19:7),     at IncomingMessage.emit (events.js:208:15),     at endReadableNT (_stream_readable.js:1154:12),     at processTicksAndRejections (internal/process/task_queues.js:77:11)]
2020-08-19T04:32:42.533Z - info: START > =======================================
2020-08-19T04:32:42.533Z - info: Authentication Type : http_signature
2020-08-19T04:32:42.533Z - warn: Entered log directory does not exists. Taking default log directory ./log
2020-08-19T04:32:42.534Z - info: Request Type : POST
2020-08-19T04:32:42.534Z - info: signatureHeader : keyid="08c94330-f618-42a3-b09d-e1e43be5efda", algorithm="HmacSHA256", headers="host date (request-target) digest v-c-merchant-id", signature="tdR1qvtiKt41CANui2ai+Oj6wAnLnnlioPOzU1A3v+U="
2020-08-19T04:32:42.534Z - info: digest : SHA-256=FVbgfQgXe0/V90eqZPqSC00cWUnaBu0Pw6Oox6IEdW4=
2020-08-19T04:32:42.534Z - info: v-c-merchant-id : testrest
2020-08-19T04:32:42.534Z - info: date : Wed, 19 Aug 2020 04:32:42 GMT
2020-08-19T04:32:42.534Z - info: host : apitest.cybersource.com
2020-08-19T04:32:42.534Z - info: signature : keyid="08c94330-f618-42a3-b09d-e1e43be5efda", algorithm="HmacSHA256", headers="host date (request-target) digest v-c-merchant-id", signature="tdR1qvtiKt41CANui2ai+Oj6wAnLnnlioPOzU1A3v+U="
2020-08-19T04:32:42.534Z - info: User-Agent : Mozilla/5.0
2020-08-19T04:32:42.534Z - info: END > =========================================
2020-08-19T04:32:43.971Z - error: uncaughtException: Cannot read property 'status' of undefined date=Tue Aug 18 2020 21:32:43 GMT-0700 (Pacific Daylight Time), pid=19144, uid=null, gid=null, cwd=E:\Alex\NCE\nce-server, execPath=C:\Program Files\nodejs\node.exe, version=v12.6.0, argv=[C:\Program Files\nodejs\node.exe, E:\Alex\NCE\nce-server\index.js, index.js], rss=99332096, heapTotal=72933376, heapUsed=40631816, external=20046607, loadavg=[0, 0, 0], uptime=430486, trace=[column=33, file=E:\Alex\NCE\nce-server\routes\donor.js, function=null, line=170, method=null, native=false, column=9, file=E:\Alex\NCE\nce-server\node_modules\cybersource-rest-client\src\ApiClient.js, function=null, line=601, method=null, native=false, column=12, file=E:\Alex\NCE\nce-server\node_modules\superagent\lib\node\index.js, function=Request.callback, line=716, method=callback, native=false, column=18, file=E:\Alex\NCE\nce-server\node_modules\superagent\lib\node\index.js, function=null, line=916, method=null, native=false, column=7, file=E:\Alex\NCE\nce-server\node_modules\superagent\lib\node\parsers\json.js, function=null, line=19, method=null, native=false, column=15, file=events.js, function=IncomingMessage.emit, line=208, method=emit, native=false, column=12, file=_stream_readable.js, function=endReadableNT, line=1154, method=null, native=false, column=11, file=internal/process/task_queues.js, function=processTicksAndRejections, line=77, method=null, native=false], stack=[TypeError: Cannot read property 'status' of undefined,     at E:\Alex\NCE\nce-server\routes\donor.js:170:33,     at E:\Alex\NCE\nce-server\node_modules\cybersource-rest-client\src\ApiClient.js:601:9,     at Request.callback (E:\Alex\NCE\nce-server\node_modules\superagent\lib\node\index.js:716:12),     at E:\Alex\NCE\nce-server\node_modules\superagent\lib\node\index.js:916:18,     at IncomingMessage.<anonymous> (E:\Alex\NCE\nce-server\node_modules\superagent\lib\node\parsers\json.js:19:7),     at IncomingMessage.emit (events.js:208:15),     at endReadableNT (_stream_readable.js:1154:12),     at processTicksAndRejections (internal/process/task_queues.js:77:11)]
2020-08-19T04:32:43.976Z - error: uncaughtException: Cannot read property 'status' of undefined date=Tue Aug 18 2020 21:32:43 GMT-0700 (Pacific Daylight Time), pid=19144, uid=null, gid=null, cwd=E:\Alex\NCE\nce-server, execPath=C:\Program Files\nodejs\node.exe, version=v12.6.0, argv=[C:\Program Files\nodejs\node.exe, E:\Alex\NCE\nce-server\index.js, index.js], rss=99332096, heapTotal=72933376, heapUsed=40683336, external=20054799, loadavg=[0, 0, 0], uptime=430486, trace=[column=33, file=E:\Alex\NCE\nce-server\routes\donor.js, function=null, line=170, method=null, native=false, column=9, file=E:\Alex\NCE\nce-server\node_modules\cybersource-rest-client\src\ApiClient.js, function=null, line=601, method=null, native=false, column=12, file=E:\Alex\NCE\nce-server\node_modules\superagent\lib\node\index.js, function=Request.callback, line=716, method=callback, native=false, column=18, file=E:\Alex\NCE\nce-server\node_modules\superagent\lib\node\index.js, function=null, line=916, method=null, native=false, column=7, file=E:\Alex\NCE\nce-server\node_modules\superagent\lib\node\parsers\json.js, function=null, line=19, method=null, native=false, column=15, file=events.js, function=IncomingMessage.emit, line=208, method=emit, native=false, column=12, file=_stream_readable.js, function=endReadableNT, line=1154, method=null, native=false, column=11, file=internal/process/task_queues.js, function=processTicksAndRejections, line=77, method=null, native=false], stack=[TypeError: Cannot read property 'status' of undefined,     at E:\Alex\NCE\nce-server\routes\donor.js:170:33,     at E:\Alex\NCE\nce-server\node_modules\cybersource-rest-client\src\ApiClient.js:601:9,     at Request.callback (E:\Alex\NCE\nce-server\node_modules\superagent\lib\node\index.js:716:12),     at E:\Alex\NCE\nce-server\node_modules\superagent\lib\node\index.js:916:18,     at IncomingMessage.<anonymous> (E:\Alex\NCE\nce-server\node_modules\superagent\lib\node\parsers\json.js:19:7),     at IncomingMessage.emit (events.js:208:15),     at endReadableNT (_stream_readable.js:1154:12),     at processTicksAndRejections (internal/process/task_queues.js:77:11)]
2020-08-19T04:32:43.983Z - error: uncaughtException: Cannot read property 'status' of undefined date=Tue Aug 18 2020 21:32:43 GMT-0700 (Pacific Daylight Time), pid=19144, uid=null, gid=null, cwd=E:\Alex\NCE\nce-server, execPath=C:\Program Files\nodejs\node.exe, version=v12.6.0, argv=[C:\Program Files\nodejs\node.exe, E:\Alex\NCE\nce-server\index.js, index.js], rss=99332096, heapTotal=72933376, heapUsed=40727648, external=20054799, loadavg=[0, 0, 0], uptime=430486, trace=[column=33, file=E:\Alex\NCE\nce-server\routes\donor.js, function=null, line=170, method=null, native=false, column=9, file=E:\Alex\NCE\nce-server\node_modules\cybersource-rest-client\src\ApiClient.js, function=null, line=601, method=null, native=false, column=12, file=E:\Alex\NCE\nce-server\node_modules\superagent\lib\node\index.js, function=Request.callback, line=716, method=callback, native=false, column=18, file=E:\Alex\NCE\nce-server\node_modules\superagent\lib\node\index.js, function=null, line=916, method=null, native=false, column=7, file=E:\Alex\NCE\nce-server\node_modules\superagent\lib\node\parsers\json.js, function=null, line=19, method=null, native=false, column=15, file=events.js, function=IncomingMessage.emit, line=208, method=emit, native=false, column=12, file=_stream_readable.js, function=endReadableNT, line=1154, method=null, native=false, column=11, file=internal/process/task_queues.js, function=processTicksAndRejections, line=77, method=null, native=false], stack=[TypeError: Cannot read property 'status' of undefined,     at E:\Alex\NCE\nce-server\routes\donor.js:170:33,     at E:\Alex\NCE\nce-server\node_modules\cybersource-rest-client\src\ApiClient.js:601:9,     at Request.callback (E:\Alex\NCE\nce-server\node_modules\superagent\lib\node\index.js:716:12),     at E:\Alex\NCE\nce-server\node_modules\superagent\lib\node\index.js:916:18,     at IncomingMessage.<anonymous> (E:\Alex\NCE\nce-server\node_modules\superagent\lib\node\parsers\json.js:19:7),     at IncomingMessage.emit (events.js:208:15),     at endReadableNT (_stream_readable.js:1154:12),     at processTicksAndRejections (internal/process/task_queues.js:77:11)]
2020-08-19T04:32:43.990Z - error: uncaughtException: Cannot read property 'status' of undefined date=Tue Aug 18 2020 21:32:43 GMT-0700 (Pacific Daylight Time), pid=19144, uid=null, gid=null, cwd=E:\Alex\NCE\nce-server, execPath=C:\Program Files\nodejs\node.exe, version=v12.6.0, argv=[C:\Program Files\nodejs\node.exe, E:\Alex\NCE\nce-server\index.js, index.js], rss=99332096, heapTotal=72933376, heapUsed=40771936, external=20054799, loadavg=[0, 0, 0], uptime=430486, trace=[column=33, file=E:\Alex\NCE\nce-server\routes\donor.js, function=null, line=170, method=null, native=false, column=9, file=E:\Alex\NCE\nce-server\node_modules\cybersource-rest-client\src\ApiClient.js, function=null, line=601, method=null, native=false, column=12, file=E:\Alex\NCE\nce-server\node_modules\superagent\lib\node\index.js, function=Request.callback, line=716, method=callback, native=false, column=18, file=E:\Alex\NCE\nce-server\node_modules\superagent\lib\node\index.js, function=null, line=916, method=null, native=false, column=7, file=E:\Alex\NCE\nce-server\node_modules\superagent\lib\node\parsers\json.js, function=null, line=19, method=null, native=false, column=15, file=events.js, function=IncomingMessage.emit, line=208, method=emit, native=false, column=12, file=_stream_readable.js, function=endReadableNT, line=1154, method=null, native=false, column=11, file=internal/process/task_queues.js, function=processTicksAndRejections, line=77, method=null, native=false], stack=[TypeError: Cannot read property 'status' of undefined,     at E:\Alex\NCE\nce-server\routes\donor.js:170:33,     at E:\Alex\NCE\nce-server\node_modules\cybersource-rest-client\src\ApiClient.js:601:9,     at Request.callback (E:\Alex\NCE\nce-server\node_modules\superagent\lib\node\index.js:716:12),     at E:\Alex\NCE\nce-server\node_modules\superagent\lib\node\index.js:916:18,     at IncomingMessage.<anonymous> (E:\Alex\NCE\nce-server\node_modules\superagent\lib\node\parsers\json.js:19:7),     at IncomingMessage.emit (events.js:208:15),     at endReadableNT (_stream_readable.js:1154:12),     at processTicksAndRejections (internal/process/task_queues.js:77:11)]
2020-08-19T04:32:43.996Z - error: uncaughtException: Cannot read property 'status' of undefined date=Tue Aug 18 2020 21:32:43 GMT-0700 (Pacific Daylight Time), pid=19144, uid=null, gid=null, cwd=E:\Alex\NCE\nce-server, execPath=C:\Program Files\nodejs\node.exe, version=v12.6.0, argv=[C:\Program Files\nodejs\node.exe, E:\Alex\NCE\nce-server\index.js, index.js], rss=99332096, heapTotal=72933376, heapUsed=40816448, external=20062991, loadavg=[0, 0, 0], uptime=430486, trace=[column=33, file=E:\Alex\NCE\nce-server\routes\donor.js, function=null, line=170, method=null, native=false, column=9, file=E:\Alex\NCE\nce-server\node_modules\cybersource-rest-client\src\ApiClient.js, function=null, line=601, method=null, native=false, column=12, file=E:\Alex\NCE\nce-server\node_modules\superagent\lib\node\index.js, function=Request.callback, line=716, method=callback, native=false, column=18, file=E:\Alex\NCE\nce-server\node_modules\superagent\lib\node\index.js, function=null, line=916, method=null, native=false, column=7, file=E:\Alex\NCE\nce-server\node_modules\superagent\lib\node\parsers\json.js, function=null, line=19, method=null, native=false, column=15, file=events.js, function=IncomingMessage.emit, line=208, method=emit, native=false, column=12, file=_stream_readable.js, function=endReadableNT, line=1154, method=null, native=false, column=11, file=internal/process/task_queues.js, function=processTicksAndRejections, line=77, method=null, native=false], stack=[TypeError: Cannot read property 'status' of undefined,     at E:\Alex\NCE\nce-server\routes\donor.js:170:33,     at E:\Alex\NCE\nce-server\node_modules\cybersource-rest-client\src\ApiClient.js:601:9,     at Request.callback (E:\Alex\NCE\nce-server\node_modules\superagent\lib\node\index.js:716:12),     at E:\Alex\NCE\nce-server\node_modules\superagent\lib\node\index.js:916:18,     at IncomingMessage.<anonymous> (E:\Alex\NCE\nce-server\node_modules\superagent\lib\node\parsers\json.js:19:7),     at IncomingMessage.emit (events.js:208:15),     at endReadableNT (_stream_readable.js:1154:12),     at processTicksAndRejections (internal/process/task_queues.js:77:11)]
2020-08-19T04:32:44.002Z - error: uncaughtException: Cannot read property 'status' of undefined date=Tue Aug 18 2020 21:32:43 GMT-0700 (Pacific Daylight Time), pid=19144, uid=null, gid=null, cwd=E:\Alex\NCE\nce-server, execPath=C:\Program Files\nodejs\node.exe, version=v12.6.0, argv=[C:\Program Files\nodejs\node.exe, E:\Alex\NCE\nce-server\index.js, index.js], rss=99332096, heapTotal=72933376, heapUsed=40860800, external=20062991, loadavg=[0, 0, 0], uptime=430486, trace=[column=33, file=E:\Alex\NCE\nce-server\routes\donor.js, function=null, line=170, method=null, native=false, column=9, file=E:\Alex\NCE\nce-server\node_modules\cybersource-rest-client\src\ApiClient.js, function=null, line=601, method=null, native=false, column=12, file=E:\Alex\NCE\nce-server\node_modules\superagent\lib\node\index.js, function=Request.callback, line=716, method=callback, native=false, column=18, file=E:\Alex\NCE\nce-server\node_modules\superagent\lib\node\index.js, function=null, line=916, method=null, native=false, column=7, file=E:\Alex\NCE\nce-server\node_modules\superagent\lib\node\parsers\json.js, function=null, line=19, method=null, native=false, column=15, file=events.js, function=IncomingMessage.emit, line=208, method=emit, native=false, column=12, file=_stream_readable.js, function=endReadableNT, line=1154, method=null, native=false, column=11, file=internal/process/task_queues.js, function=processTicksAndRejections, line=77, method=null, native=false], stack=[TypeError: Cannot read property 'status' of undefined,     at E:\Alex\NCE\nce-server\routes\donor.js:170:33,     at E:\Alex\NCE\nce-server\node_modules\cybersource-rest-client\src\ApiClient.js:601:9,     at Request.callback (E:\Alex\NCE\nce-server\node_modules\superagent\lib\node\index.js:716:12),     at E:\Alex\NCE\nce-server\node_modules\superagent\lib\node\index.js:916:18,     at IncomingMessage.<anonymous> (E:\Alex\NCE\nce-server\node_modules\superagent\lib\node\parsers\json.js:19:7),     at IncomingMessage.emit (events.js:208:15),     at endReadableNT (_stream_readable.js:1154:12),     at processTicksAndRejections (internal/process/task_queues.js:77:11)]
2020-08-19T04:32:54.963Z - info: START > =======================================
2020-08-19T04:32:54.967Z - info: Authentication Type : http_signature
2020-08-19T04:32:54.965Z - warn: Entered log directory does not exists. Taking default log directory ./log
2020-08-19T04:32:54.967Z - info: Request Type : POST
2020-08-19T04:32:54.969Z - info: signatureHeader : keyid="08c94330-f618-42a3-b09d-e1e43be5efda", algorithm="HmacSHA256", headers="host date (request-target) digest v-c-merchant-id", signature="06BYNSS1RDs8KAg0g6gkINigqNJQe8fx7wMHzz8P/ik="
2020-08-19T04:32:54.969Z - info: digest : SHA-256=FVbgfQgXe0/V90eqZPqSC00cWUnaBu0Pw6Oox6IEdW4=
2020-08-19T04:32:54.969Z - info: v-c-merchant-id : testrest
2020-08-19T04:32:54.969Z - info: date : Wed, 19 Aug 2020 04:32:54 GMT
2020-08-19T04:32:54.969Z - info: host : apitest.cybersource.com
2020-08-19T04:32:54.969Z - info: signature : keyid="08c94330-f618-42a3-b09d-e1e43be5efda", algorithm="HmacSHA256", headers="host date (request-target) digest v-c-merchant-id", signature="06BYNSS1RDs8KAg0g6gkINigqNJQe8fx7wMHzz8P/ik="
2020-08-19T04:32:54.969Z - info: User-Agent : Mozilla/5.0
2020-08-19T04:32:54.969Z - info: END > =========================================
2020-08-19T04:32:59.747Z - info: START > =======================================
2020-08-19T04:32:59.748Z - info: Authentication Type : http_signature
2020-08-19T04:32:59.747Z - warn: Entered log directory does not exists. Taking default log directory ./log
2020-08-19T04:32:59.748Z - info: Request Type : POST
2020-08-19T04:32:59.749Z - info: signatureHeader : keyid="08c94330-f618-42a3-b09d-e1e43be5efda", algorithm="HmacSHA256", headers="host date (request-target) digest v-c-merchant-id", signature="J5vv3HNCcmhTR5S4PvBQZFXYxJAUIWVf1C6oBHyGvsc="
2020-08-19T04:32:59.749Z - info: digest : SHA-256=FVbgfQgXe0/V90eqZPqSC00cWUnaBu0Pw6Oox6IEdW4=
2020-08-19T04:32:59.749Z - info: v-c-merchant-id : testrest
2020-08-19T04:32:59.749Z - info: date : Wed, 19 Aug 2020 04:32:59 GMT
2020-08-19T04:32:59.749Z - info: host : apitest.cybersource.com
2020-08-19T04:32:59.749Z - info: signature : keyid="08c94330-f618-42a3-b09d-e1e43be5efda", algorithm="HmacSHA256", headers="host date (request-target) digest v-c-merchant-id", signature="J5vv3HNCcmhTR5S4PvBQZFXYxJAUIWVf1C6oBHyGvsc="
2020-08-19T04:32:59.749Z - info: User-Agent : Mozilla/5.0
2020-08-19T04:32:59.749Z - info: END > =========================================
2020-08-19T04:36:15.872Z - info: START > =======================================
2020-08-19T04:36:15.873Z - info: Authentication Type : http_signature
2020-08-19T04:36:15.872Z - warn: Entered log directory does not exists. Taking default log directory ./log
2020-08-19T04:36:15.873Z - info: Request Type : POST
2020-08-19T04:36:15.873Z - info: signatureHeader : keyid="08c94330-f618-42a3-b09d-e1e43be5efda", algorithm="HmacSHA256", headers="host date (request-target) digest v-c-merchant-id", signature="XSP9qkgtE6Z/ocAqAfXRiSAMMai8Vx4dTrZ5zrdUOrs="
2020-08-19T04:36:15.873Z - info: digest : SHA-256=kYkxvi2VGWIxE0L222PkX5rwWx32REbUKGpc/833f9E=
2020-08-19T04:36:15.873Z - info: v-c-merchant-id : testrest
2020-08-19T04:36:15.873Z - info: date : Wed, 19 Aug 2020 04:36:15 GMT
2020-08-19T04:36:15.873Z - info: host : apitest.cybersource.com
2020-08-19T04:36:15.873Z - info: signature : keyid="08c94330-f618-42a3-b09d-e1e43be5efda", algorithm="HmacSHA256", headers="host date (request-target) digest v-c-merchant-id", signature="XSP9qkgtE6Z/ocAqAfXRiSAMMai8Vx4dTrZ5zrdUOrs="
2020-08-19T04:36:15.873Z - info: User-Agent : Mozilla/5.0
2020-08-19T04:36:15.873Z - info: END > =========================================
2020-08-19T04:40:10.376Z - info: START > =======================================
2020-08-19T04:40:10.378Z - info: Authentication Type : http_signature
2020-08-19T04:40:10.377Z - warn: Entered log directory does not exists. Taking default log directory ./log
2020-08-19T04:40:10.378Z - info: Request Type : POST
2020-08-19T04:40:10.379Z - info: signatureHeader : keyid="08c94330-f618-42a3-b09d-e1e43be5efda", algorithm="HmacSHA256", headers="host date (request-target) digest v-c-merchant-id", signature="QlUihJ6E+FOhvqq8MX1vxZ3dmVOmuIvVvXPEmaFUlI4="
2020-08-19T04:40:10.379Z - info: digest : SHA-256=E+CItcJPxqw01A8rLnlt6ujQsxyNVHdMABO93N2r+QU=
2020-08-19T04:40:10.379Z - info: v-c-merchant-id : testrest
2020-08-19T04:40:10.379Z - info: date : Wed, 19 Aug 2020 04:40:10 GMT
2020-08-19T04:40:10.379Z - info: host : apitest.cybersource.com
2020-08-19T04:40:10.379Z - info: signature : keyid="08c94330-f618-42a3-b09d-e1e43be5efda", algorithm="HmacSHA256", headers="host date (request-target) digest v-c-merchant-id", signature="QlUihJ6E+FOhvqq8MX1vxZ3dmVOmuIvVvXPEmaFUlI4="
2020-08-19T04:40:10.379Z - info: User-Agent : Mozilla/5.0
2020-08-19T04:40:10.379Z - info: END > =========================================
2020-08-19T04:43:36.529Z - info: START > =======================================
2020-08-19T04:43:36.531Z - info: Authentication Type : http_signature
2020-08-19T04:43:36.530Z - warn: Entered log directory does not exists. Taking default log directory ./log
2020-08-19T04:43:36.532Z - info: Request Type : POST
2020-08-19T04:43:36.532Z - info: signatureHeader : keyid="08c94330-f618-42a3-b09d-e1e43be5efda", algorithm="HmacSHA256", headers="host date (request-target) digest v-c-merchant-id", signature="VEOe6qynfww6XEOKgmbpKaTWkX+AoKibWWyFgVC3Yko="
2020-08-19T04:43:36.533Z - info: digest : SHA-256=ztoyV3EjCKv0jGvPO36hqCgnbc25qRilbdPLMyZ/TNg=
2020-08-19T04:43:36.533Z - info: v-c-merchant-id : testrest
2020-08-19T04:43:36.533Z - info: date : Wed, 19 Aug 2020 04:43:36 GMT
2020-08-19T04:43:36.533Z - info: host : apitest.cybersource.com
2020-08-19T04:43:36.533Z - info: signature : keyid="08c94330-f618-42a3-b09d-e1e43be5efda", algorithm="HmacSHA256", headers="host date (request-target) digest v-c-merchant-id", signature="VEOe6qynfww6XEOKgmbpKaTWkX+AoKibWWyFgVC3Yko="
2020-08-19T04:43:36.533Z - info: User-Agent : Mozilla/5.0
2020-08-19T04:43:36.533Z - info: END > =========================================
2020-08-23T16:19:54.636Z - info: START > =======================================
2020-08-23T16:19:54.640Z - info: Authentication Type : http_signature
2020-08-23T16:19:54.637Z - warn: Entered log directory does not exists. Taking default log directory ./log
2020-08-23T16:19:54.640Z - info: Request Type : POST
2020-08-23T16:19:54.641Z - info: signatureHeader : keyid="08c94330-f618-42a3-b09d-e1e43be5efda", algorithm="HmacSHA256", headers="host date (request-target) digest v-c-merchant-id", signature="Vu6C8yzsJSs5quASlGIkFD04ULFmXP7ELIJbXXfiR0g="
2020-08-23T16:19:54.641Z - info: digest : SHA-256=7ENrXoEDNZCgj5MmW/1ahHMFasBm4dnizcw4APW2sNM=
2020-08-23T16:19:54.641Z - info: v-c-merchant-id : testrest
2020-08-23T16:19:54.641Z - info: date : Sun, 23 Aug 2020 16:19:54 GMT
2020-08-23T16:19:54.642Z - info: host : api.cybersource.com
2020-08-23T16:19:54.642Z - info: signature : keyid="08c94330-f618-42a3-b09d-e1e43be5efda", algorithm="HmacSHA256", headers="host date (request-target) digest v-c-merchant-id", signature="Vu6C8yzsJSs5quASlGIkFD04ULFmXP7ELIJbXXfiR0g="
2020-08-23T16:19:54.642Z - info: User-Agent : Mozilla/5.0
2020-08-23T16:19:54.642Z - info: END > =========================================
2020-08-23T16:21:16.410Z - info: START > =======================================
2020-08-23T16:21:16.410Z - info: Authentication Type : http_signature
2020-08-23T16:21:16.410Z - warn: Entered log directory does not exists. Taking default log directory ./log
2020-08-23T16:21:16.410Z - info: Request Type : POST
2020-08-23T16:21:16.410Z - info: signatureHeader : keyid="08c94330-f618-42a3-b09d-e1e43be5efda", algorithm="HmacSHA256", headers="host date (request-target) digest v-c-merchant-id", signature="NZzBZyfqfSE8pmx2oBbJLjKTpobMzqEcRojWu2TfZWg="
2020-08-23T16:21:16.410Z - info: digest : SHA-256=Ru6gdOiGGU6wYWrWx+b6ni2mMAxDaEw9uMRUE0DYjY0=
2020-08-23T16:21:16.410Z - info: v-c-merchant-id : testrest
2020-08-23T16:21:16.410Z - info: date : Sun, 23 Aug 2020 16:21:16 GMT
2020-08-23T16:21:16.410Z - info: host : api.cybersource.com
2020-08-23T16:21:16.410Z - info: signature : keyid="08c94330-f618-42a3-b09d-e1e43be5efda", algorithm="HmacSHA256", headers="host date (request-target) digest v-c-merchant-id", signature="NZzBZyfqfSE8pmx2oBbJLjKTpobMzqEcRojWu2TfZWg="
2020-08-23T16:21:16.410Z - info: User-Agent : Mozilla/5.0
2020-08-23T16:21:16.410Z - info: END > =========================================
2020-08-23T16:21:51.995Z - info: START > =======================================
2020-08-23T16:21:51.997Z - info: Authentication Type : http_signature
2020-08-23T16:21:51.995Z - warn: Entered log directory does not exists. Taking default log directory ./log
2020-08-23T16:21:51.997Z - info: Request Type : POST
2020-08-23T16:21:51.997Z - info: signatureHeader : keyid="08c94330-f618-42a3-b09d-e1e43be5efda", algorithm="HmacSHA256", headers="host date (request-target) digest v-c-merchant-id", signature="wdjYWcpPASDyw+HBNUWgE6liT0pa+/KNzLdM0X/TiaA="
2020-08-23T16:21:51.997Z - info: digest : SHA-256=xi9twaA/esirUyQkZztfet/tbH5IFVTO4C5d7gJTiu4=
2020-08-23T16:21:51.997Z - info: v-c-merchant-id : testrest
2020-08-23T16:21:51.997Z - info: date : Sun, 23 Aug 2020 16:21:51 GMT
2020-08-23T16:21:51.997Z - info: host : api.cybersource.com
2020-08-23T16:21:51.997Z - info: signature : keyid="08c94330-f618-42a3-b09d-e1e43be5efda", algorithm="HmacSHA256", headers="host date (request-target) digest v-c-merchant-id", signature="wdjYWcpPASDyw+HBNUWgE6liT0pa+/KNzLdM0X/TiaA="
2020-08-23T16:21:51.997Z - info: User-Agent : Mozilla/5.0
2020-08-23T16:21:51.997Z - info: END > =========================================
2020-08-23T16:22:27.450Z - info: START > =======================================
2020-08-23T16:22:27.453Z - info: Authentication Type : http_signature
2020-08-23T16:22:27.451Z - warn: Entered log directory does not exists. Taking default log directory ./log
2020-08-23T16:22:27.453Z - info: Request Type : POST
2020-08-23T16:22:27.455Z - info: signatureHeader : keyid="08c94330-f618-42a3-b09d-e1e43be5efda", algorithm="HmacSHA256", headers="host date (request-target) digest v-c-merchant-id", signature="Fr2crK/hP2XTgyy29HcIwe7DV14jpkfQ3BEZjMZgbME="
2020-08-23T16:22:27.455Z - info: digest : SHA-256=xi9twaA/esirUyQkZztfet/tbH5IFVTO4C5d7gJTiu4=
2020-08-23T16:22:27.455Z - info: v-c-merchant-id : testrest
2020-08-23T16:22:27.455Z - info: date : Sun, 23 Aug 2020 16:22:27 GMT
2020-08-23T16:22:27.455Z - info: host : apitest.cybersource.com
2020-08-23T16:22:27.455Z - info: signature : keyid="08c94330-f618-42a3-b09d-e1e43be5efda", algorithm="HmacSHA256", headers="host date (request-target) digest v-c-merchant-id", signature="Fr2crK/hP2XTgyy29HcIwe7DV14jpkfQ3BEZjMZgbME="
2020-08-23T16:22:27.455Z - info: User-Agent : Mozilla/5.0
2020-08-23T16:22:27.455Z - info: END > =========================================
2020-09-03T09:24:58.827Z - info: START > =======================================
2020-09-03T09:24:58.829Z - info: Authentication Type : http_signature
2020-09-03T09:24:58.827Z - warn: Entered log directory does not exists. Taking default log directory ./log
2020-09-03T09:24:58.829Z - info: Request Type : POST
2020-09-03T09:24:58.833Z - info: signatureHeader : keyid="08c94330-f618-42a3-b09d-e1e43be5efda", algorithm="HmacSHA256", headers="host date (request-target) digest v-c-merchant-id", signature="Nc3FsAPNDqmpt2QgdZ060BbV9lBe76OoQz7Jy4yPWWQ="
2020-09-03T09:24:58.839Z - info: digest : SHA-256=e/gY6uAg/hibSrHrnkQzos4eaXGStgW/xZxKYgDFTto=
2020-09-03T09:24:58.839Z - info: v-c-merchant-id : nce_fundraising
2020-09-03T09:24:58.839Z - info: date : Thu, 03 Sep 2020 09:24:58 GMT
2020-09-03T09:24:58.839Z - info: host : apitest.cybersource.com
2020-09-03T09:24:58.839Z - info: signature : keyid="08c94330-f618-42a3-b09d-e1e43be5efda", algorithm="HmacSHA256", headers="host date (request-target) digest v-c-merchant-id", signature="Nc3FsAPNDqmpt2QgdZ060BbV9lBe76OoQz7Jy4yPWWQ="
2020-09-03T09:24:58.839Z - info: User-Agent : Mozilla/5.0
2020-09-03T09:24:58.839Z - info: END > =========================================
2020-09-03T09:28:25.515Z - info: START > =======================================
2020-09-03T09:28:25.517Z - info: Authentication Type : http_signature
2020-09-03T09:28:25.516Z - warn: Entered log directory does not exists. Taking default log directory ./log
2020-09-03T09:28:25.517Z - info: Request Type : POST
2020-09-03T09:28:25.518Z - info: signatureHeader : keyid="08c94330-f618-42a3-b09d-e1e43be5efda", algorithm="HmacSHA256", headers="host date (request-target) digest v-c-merchant-id", signature="WLay4A1kaScLTtMMLjyZY4cCCagsBTHrcmA3O/7fPr0="
2020-09-03T09:28:25.519Z - info: digest : SHA-256=rhefx+uDbiaVNQCRXXDfgiLfjUGQ0hCH+I7zVwM/8i8=
2020-09-03T09:28:25.520Z - info: v-c-merchant-id : nce_fundraising
2020-09-03T09:28:25.520Z - info: date : Thu, 03 Sep 2020 09:28:25 GMT
2020-09-03T09:28:25.520Z - info: host : apitest.cybersource.com
2020-09-03T09:28:25.520Z - info: signature : keyid="08c94330-f618-42a3-b09d-e1e43be5efda", algorithm="HmacSHA256", headers="host date (request-target) digest v-c-merchant-id", signature="WLay4A1kaScLTtMMLjyZY4cCCagsBTHrcmA3O/7fPr0="
2020-09-03T09:28:25.520Z - info: User-Agent : Mozilla/5.0
2020-09-03T09:28:25.520Z - info: END > =========================================
2020-09-03T09:31:58.958Z - info: START > =======================================
2020-09-03T09:31:58.960Z - info: Authentication Type : http_signature
2020-09-03T09:31:58.958Z - warn: Entered log directory does not exists. Taking default log directory ./log
2020-09-03T09:31:58.960Z - info: Request Type : POST
2020-09-03T09:31:58.961Z - info: signatureHeader : keyid="08c94330-f618-42a3-b09d-e1e43be5efda", algorithm="HmacSHA256", headers="host date (request-target) digest v-c-merchant-id", signature="n52QUaRfIcIJu/essGzISb6JQTQKjv6o2JFWKr4mqeQ="
2020-09-03T09:31:58.961Z - info: digest : SHA-256=rhefx+uDbiaVNQCRXXDfgiLfjUGQ0hCH+I7zVwM/8i8=
2020-09-03T09:31:58.961Z - info: v-c-merchant-id : testrest
2020-09-03T09:31:58.961Z - info: date : Thu, 03 Sep 2020 09:31:58 GMT
2020-09-03T09:31:58.961Z - info: host : apitest.cybersource.com
2020-09-03T09:31:58.961Z - info: signature : keyid="08c94330-f618-42a3-b09d-e1e43be5efda", algorithm="HmacSHA256", headers="host date (request-target) digest v-c-merchant-id", signature="n52QUaRfIcIJu/essGzISb6JQTQKjv6o2JFWKr4mqeQ="
2020-09-03T09:31:58.961Z - info: User-Agent : Mozilla/5.0
2020-09-03T09:31:58.961Z - info: END > =========================================
2020-09-03T09:34:59.598Z - info: START > =======================================
2020-09-03T09:34:59.599Z - info: Authentication Type : http_signature
2020-09-03T09:34:59.598Z - warn: Entered log directory does not exists. Taking default log directory ./log
2020-09-03T09:34:59.599Z - info: Request Type : POST
2020-09-03T09:34:59.599Z - info: signatureHeader : keyid="08c94330-f618-42a3-b09d-e1e43be5efda", algorithm="HmacSHA256", headers="host date (request-target) digest v-c-merchant-id", signature="k5AbjzjEavv+Wu4WwpeCgj+7hHn1WlY3lxxD6K1wAKk="
2020-09-03T09:34:59.599Z - info: digest : SHA-256=Jth54KsjTIb7lMMybcmMPR91MM4Jfm0SLOXCx/eLlKU=
2020-09-03T09:34:59.599Z - info: v-c-merchant-id : testrest
2020-09-03T09:34:59.599Z - info: date : Thu, 03 Sep 2020 09:34:59 GMT
2020-09-03T09:34:59.599Z - info: host : apitest.cybersource.com
2020-09-03T09:34:59.599Z - info: signature : keyid="08c94330-f618-42a3-b09d-e1e43be5efda", algorithm="HmacSHA256", headers="host date (request-target) digest v-c-merchant-id", signature="k5AbjzjEavv+Wu4WwpeCgj+7hHn1WlY3lxxD6K1wAKk="
2020-09-03T09:34:59.599Z - info: User-Agent : Mozilla/5.0
2020-09-03T09:34:59.599Z - info: END > =========================================
2020-09-03T09:35:39.815Z - info: START > =======================================
2020-09-03T09:35:39.818Z - info: Authentication Type : http_signature
2020-09-03T09:35:39.816Z - warn: Entered log directory does not exists. Taking default log directory ./log
2020-09-03T09:35:39.818Z - info: Request Type : POST
2020-09-03T09:35:39.819Z - info: signatureHeader : keyid="08c94330-f618-42a3-b09d-e1e43be5efda", algorithm="HmacSHA256", headers="host date (request-target) digest v-c-merchant-id", signature="r9b7pBb9Y+S9VvCKPe7jWe/ith4UHnxKzyItdV3WiIU="
2020-09-03T09:35:39.819Z - info: digest : SHA-256=Jth54KsjTIb7lMMybcmMPR91MM4Jfm0SLOXCx/eLlKU=
2020-09-03T09:35:39.819Z - info: v-c-merchant-id : testrest
2020-09-03T09:35:39.819Z - info: date : Thu, 03 Sep 2020 09:35:39 GMT
2020-09-03T09:35:39.819Z - info: host : apitest.cybersource.com
2020-09-03T09:35:39.819Z - info: signature : keyid="08c94330-f618-42a3-b09d-e1e43be5efda", algorithm="HmacSHA256", headers="host date (request-target) digest v-c-merchant-id", signature="r9b7pBb9Y+S9VvCKPe7jWe/ith4UHnxKzyItdV3WiIU="
2020-09-03T09:35:39.819Z - info: User-Agent : Mozilla/5.0
2020-09-03T09:35:39.819Z - info: END > =========================================
2020-09-03T09:37:30.530Z - info: START > =======================================
2020-09-03T09:37:30.536Z - info: Authentication Type : http_signature
2020-09-03T09:37:30.534Z - warn: Entered log directory does not exists. Taking default log directory ./log
2020-09-03T09:37:30.536Z - info: Request Type : POST
2020-09-03T09:37:30.537Z - info: signatureHeader : keyid="08c94330-f618-42a3-b09d-e1e43be5efda", algorithm="HmacSHA256", headers="host date (request-target) digest v-c-merchant-id", signature="tzQq3/v4Tn9A3yL+LNgQw4SUg1+IFN1g6+dzrGNjA5g="
2020-09-03T09:37:30.537Z - info: digest : SHA-256=Jth54KsjTIb7lMMybcmMPR91MM4Jfm0SLOXCx/eLlKU=
2020-09-03T09:37:30.537Z - info: v-c-merchant-id : testrest
2020-09-03T09:37:30.537Z - info: date : Thu, 03 Sep 2020 09:37:30 GMT
2020-09-03T09:37:30.538Z - info: host : apitest.cybersource.com
2020-09-03T09:37:30.538Z - info: signature : keyid="08c94330-f618-42a3-b09d-e1e43be5efda", algorithm="HmacSHA256", headers="host date (request-target) digest v-c-merchant-id", signature="tzQq3/v4Tn9A3yL+LNgQw4SUg1+IFN1g6+dzrGNjA5g="
2020-09-03T09:37:30.538Z - info: User-Agent : Mozilla/5.0
2020-09-03T09:37:30.538Z - info: END > =========================================
2020-09-03T09:37:31.916Z - info: START > =======================================
2020-09-03T09:37:31.917Z - info: Authentication Type : http_signature
2020-09-03T09:37:31.917Z - warn: Entered log directory does not exists. Taking default log directory ./log
2020-09-03T09:37:31.917Z - info: Request Type : POST
2020-09-03T09:37:31.917Z - info: signatureHeader : keyid="08c94330-f618-42a3-b09d-e1e43be5efda", algorithm="HmacSHA256", headers="host date (request-target) digest v-c-merchant-id", signature="pFL4Bog8o4kihGTVoLSyDw6BqeVMXSiqDSoyqWKPTA4="
2020-09-03T09:37:31.917Z - info: digest : SHA-256=Jth54KsjTIb7lMMybcmMPR91MM4Jfm0SLOXCx/eLlKU=
2020-09-03T09:37:31.918Z - info: v-c-merchant-id : testrest
2020-09-03T09:37:31.918Z - info: date : Thu, 03 Sep 2020 09:37:31 GMT
2020-09-03T09:37:31.918Z - info: host : apitest.cybersource.com
2020-09-03T09:37:31.918Z - info: signature : keyid="08c94330-f618-42a3-b09d-e1e43be5efda", algorithm="HmacSHA256", headers="host date (request-target) digest v-c-merchant-id", signature="pFL4Bog8o4kihGTVoLSyDw6BqeVMXSiqDSoyqWKPTA4="
2020-09-03T09:37:31.918Z - info: User-Agent : Mozilla/5.0
2020-09-03T09:37:31.918Z - info: END > =========================================
2020-09-03T09:38:13.831Z - info: START > =======================================
2020-09-03T09:38:13.834Z - info: Authentication Type : http_signature
2020-09-03T09:38:13.832Z - warn: Entered log directory does not exists. Taking default log directory ./log
2020-09-03T09:38:13.834Z - info: Request Type : POST
2020-09-03T09:38:13.835Z - info: signatureHeader : keyid="08c94330-f618-42a3-b09d-e1e43be5efda", algorithm="HmacSHA256", headers="host date (request-target) digest v-c-merchant-id", signature="zAQzxJ0ukk5pRCMTNC/IwpSWuK7sbJQVEIzf6VMz4Uo="
2020-09-03T09:38:13.836Z - info: digest : SHA-256=Jth54KsjTIb7lMMybcmMPR91MM4Jfm0SLOXCx/eLlKU=
2020-09-03T09:38:13.836Z - info: v-c-merchant-id : testrest
2020-09-03T09:38:13.836Z - info: date : Thu, 03 Sep 2020 09:38:13 GMT
2020-09-03T09:38:13.836Z - info: host : apitest.cybersource.com
2020-09-03T09:38:13.836Z - info: signature : keyid="08c94330-f618-42a3-b09d-e1e43be5efda", algorithm="HmacSHA256", headers="host date (request-target) digest v-c-merchant-id", signature="zAQzxJ0ukk5pRCMTNC/IwpSWuK7sbJQVEIzf6VMz4Uo="
2020-09-03T09:38:13.836Z - info: User-Agent : Mozilla/5.0
2020-09-03T09:38:13.836Z - info: END > =========================================
2020-09-03T09:39:56.024Z - info: START > =======================================
2020-09-03T09:39:56.026Z - info: Authentication Type : http_signature
2020-09-03T09:39:56.025Z - warn: Entered log directory does not exists. Taking default log directory ./log
2020-09-03T09:39:56.026Z - info: Request Type : POST
2020-09-03T09:39:56.027Z - info: signatureHeader : keyid="08c94330-f618-42a3-b09d-e1e43be5efda", algorithm="HmacSHA256", headers="host date (request-target) digest v-c-merchant-id", signature="LaomJ9FEN9l2BwySdEN50lGoeEsDeMB37h0v0I2aaJ0="
2020-09-03T09:39:56.027Z - info: digest : SHA-256=Jth54KsjTIb7lMMybcmMPR91MM4Jfm0SLOXCx/eLlKU=
2020-09-03T09:39:56.028Z - info: v-c-merchant-id : testrest
2020-09-03T09:39:56.028Z - info: date : Thu, 03 Sep 2020 09:39:56 GMT
2020-09-03T09:39:56.028Z - info: host : apitest.cybersource.com
2020-09-03T09:39:56.028Z - info: signature : keyid="08c94330-f618-42a3-b09d-e1e43be5efda", algorithm="HmacSHA256", headers="host date (request-target) digest v-c-merchant-id", signature="LaomJ9FEN9l2BwySdEN50lGoeEsDeMB37h0v0I2aaJ0="
2020-09-03T09:39:56.028Z - info: User-Agent : Mozilla/5.0
2020-09-03T09:39:56.028Z - info: END > =========================================
2020-09-03T09:40:30.629Z - info: START > =======================================
2020-09-03T09:40:30.632Z - info: Authentication Type : http_signature
2020-09-03T09:40:30.630Z - warn: Entered log directory does not exists. Taking default log directory ./log
2020-09-03T09:40:30.632Z - info: Request Type : POST
2020-09-03T09:40:30.633Z - info: signatureHeader : keyid="08c94330-f618-42a3-b09d-e1e43be5efda", algorithm="HmacSHA256", headers="host date (request-target) digest v-c-merchant-id", signature="3FSzrbxmA12gyzrbStx4KewDngdwoUB1EDvgXR4tpJo="
2020-09-03T09:40:30.633Z - info: digest : SHA-256=Jth54KsjTIb7lMMybcmMPR91MM4Jfm0SLOXCx/eLlKU=
2020-09-03T09:40:30.633Z - info: v-c-merchant-id : nce_fundraising
2020-09-03T09:40:30.633Z - info: date : Thu, 03 Sep 2020 09:40:30 GMT
2020-09-03T09:40:30.633Z - info: host : apitest.cybersource.com
2020-09-03T09:40:30.633Z - info: signature : keyid="08c94330-f618-42a3-b09d-e1e43be5efda", algorithm="HmacSHA256", headers="host date (request-target) digest v-c-merchant-id", signature="3FSzrbxmA12gyzrbStx4KewDngdwoUB1EDvgXR4tpJo="
2020-09-03T09:40:30.633Z - info: User-Agent : Mozilla/5.0
2020-09-03T09:40:30.633Z - info: END > =========================================
2020-09-03T09:49:58.981Z - info: START > =======================================
2020-09-03T09:49:58.982Z - info: Authentication Type : http_signature
2020-09-03T09:49:58.981Z - warn: Entered log directory does not exists. Taking default log directory ./log
2020-09-03T09:49:58.982Z - info: Request Type : POST
2020-09-03T09:49:58.982Z - info: signatureHeader : keyid="08c94330-f618-42a3-b09d-e1e43be5efda", algorithm="HmacSHA256", headers="host date (request-target) digest v-c-merchant-id", signature="+VHKloBO5dqGojoZ4FRpfR+2GpCCkHnefqG/zRe8BPk="
2020-09-03T09:49:58.982Z - info: digest : SHA-256=Jth54KsjTIb7lMMybcmMPR91MM4Jfm0SLOXCx/eLlKU=
2020-09-03T09:49:58.982Z - info: v-c-merchant-id : nce_fundraising
2020-09-03T09:49:58.982Z - info: date : Thu, 03 Sep 2020 09:49:58 GMT
2020-09-03T09:49:58.982Z - info: host : apitest.cybersource.com
2020-09-03T09:49:58.982Z - info: signature : keyid="08c94330-f618-42a3-b09d-e1e43be5efda", algorithm="HmacSHA256", headers="host date (request-target) digest v-c-merchant-id", signature="+VHKloBO5dqGojoZ4FRpfR+2GpCCkHnefqG/zRe8BPk="
2020-09-03T09:49:58.982Z - info: User-Agent : Mozilla/5.0
2020-09-03T09:49:58.982Z - info: END > =========================================
